0:100  0:100  MemLog inited, TSC freq: 1801150400
0:100  0:000  CPU was calibrated with RTC
0:100  0:000  
0:100  0:000  Now is 2.3.2021,  15:37:4 (GMT)
0:100  0:000  Starting Clover revision: 5018 on American Megatrends EFI
0:100  0:000  Build with: [Args: -D NO_GRUB_DRIVERS_EMBEDDED | -D NO_GRUB_DRIVERS_EMBEDDED -D USE_LOW_EBDA -D HAVE_LEGACY_EMURUNTIMEDXE -a X64 -b RELEASE -t XCODE8 -n 5 | OS: 10.13.6 | XCODE: 10.1]
0:100  0:000  SelfDevicePath=PciRoot(0x0)\Pci(0x17,0x0)\Sata(0x400,0x8000,0x0)\HD(1,GPT,5AF321E7-78E8-46AE-8E33-6E4481D9C328,0x800,0xA8800) @958CDB98
0:100  0:000  SelfDirPath = \EFI\MICROSOFT\BOOT
0:127  0:026  === [ Get Smbios ] ========================================
0:131  0:004  Type 16 Index = 0
0:131  0:000  Total Memory Slots Count = 2
0:131  0:000  Type 17 Index = 0
0:131  0:000  SmbiosTable.Type17->Speed = 2400MHz
0:131  0:000  SmbiosTable.Type17->Size = 4096MB
0:131  0:000  SmbiosTable.Type17->Bank/Device = BANK 0 ChannelA-DIMM0
0:131  0:000  SmbiosTable.Type17->Vendor = Micron
0:131  0:000  SmbiosTable.Type17->SerialNumber = 00000000
0:132  0:000  SmbiosTable.Type17->PartNumber = 4ATF51264HZ-2G3E1   
0:132  0:000  Type 17 Index = 1
0:132  0:000  SmbiosTable.Type17->Speed = 2400MHz
0:132  0:000  SmbiosTable.Type17->Size = 8192MB
0:132  0:000  SmbiosTable.Type17->Bank/Device = BANK 2 ChannelB-DIMM0
0:132  0:000  SmbiosTable.Type17->Vendor = 859B
0:132  0:000  SmbiosTable.Type17->SerialNumber = E4540771
0:132  0:000  SmbiosTable.Type17->PartNumber = CT8G4SFS824A.C8FN   
0:132  0:000  Boot status=0
0:132  0:000  Running on: 'VivoBook_ASUSLaptop X409FA_X409FA' with board 'X409FA'
0:132  0:000  === [ GetCPUProperties ] ==================================
0:132  0:000  CPU Vendor = 756E6547 Model=806EC
0:132  0:000   The CPU supported SSE4.1
0:132  0:000  BrandString = Intel(R) Core(TM) i5-8265U CPU @ 1.60GHz
0:132  0:000   The CPU supported turbo
0:132  0:000  MSR 0x35               40008
0:132  0:000   TSC/CCC Information Leaf:
0:132  0:000    numerator     : 150
0:132  0:000    denominator   : 2
0:132  0:000   Calibrated ARTFrequency: 24015338
0:132  0:000  MSR 0xE2 before patch 1E008008
0:132  0:000  MSR 0xE2 is locked, PM patches will be turned on
0:132  0:000  MSR 0xCE              0004043D_F1011200
0:132  0:000  corrected FLEX_RATIO = 100000
0:132  0:000  MSR 0x1B0             00000000
0:132  0:000  FSBFrequency = 143 MHz, DMI FSBFrequency = 100 MHz, Corrected FSBFrequency = 100 MHz
0:132  0:000  MaxDiv/MinDiv: 18.0/4
0:132  0:000  Turbo: 37/37/38/39
0:132  0:000  Features: 0xBFEBFBFF
0:132  0:000  Threads: 8
0:132  0:000  Cores: 4
0:132  0:000  FSB: 100 MHz
0:132  0:000  CPU: 2574 MHz
0:132  0:000  TSC: 2574 MHz
0:132  0:000  PIS: 100 MHz
0:132  0:000  ExternalClock: 25 MHz
0:132  0:000  === [ GetDevices ] ========================================
0:132  0:000  PCI (00|00:00.00) : 8086 3E34 class=060000
0:132  0:000  PCI (00|00:02.00) : 8086 3EA0 class=030000
0:132  0:000   - GFX: Model=Intel UHD Graphics 620 (Intel)
0:132  0:000  PCI (00|00:04.00) : 8086 1903 class=118000
0:132  0:000  PCI (00|00:08.00) : 8086 1911 class=088000
0:132  0:000  PCI (00|00:12.00) : 8086 9DF9 class=118000
0:132  0:000  PCI (00|00:14.00) : 8086 9DED class=0C0330
0:132  0:000  PCI (00|00:14.02) : 8086 9DEF class=050000
0:132  0:000  PCI (00|00:14.03) : 8086 9DF0 class=028000
0:132  0:000   - WIFI: Vendor=Intel
0:132  0:000  PCI (00|00:15.00) : 8086 9DE8 class=0C8000
0:132  0:000  PCI (00|00:15.01) : 8086 9DE9 class=0C8000
0:132  0:000  PCI (00|00:16.00) : 8086 9DE0 class=078000
0:132  0:000  PCI (00|00:17.00) : 8086 282A class=010400
0:132  0:000  PCI (00|00:19.00) : 8086 9DC5 class=0C8000
0:132  0:000  PCI (00|00:1D.00) : 8086 9DB0 class=060400
0:132  0:000  PCI (00|00:1E.00) : 8086 9DA8 class=078000
0:132  0:000  PCI (00|00:1E.02) : 8086 9DAA class=0C8000
0:132  0:000  PCI (00|00:1F.00) : 8086 9D84 class=060100
0:132  0:000  PCI (00|00:1F.03) : 8086 9DC8 class=040300
0:132  0:000  PCI (00|00:1F.04) : 8086 9DA3 class=0C0500
0:132  0:000  PCI (00|00:1F.05) : 8086 9DA4 class=0C8000
0:132  0:000  === [ GetDefaultSettings ] ================================
0:132  0:000  Clover load options size = 136 bytes
0:133  0:000  EFI\CLOVER\WINDOWS.plist not loaded with name from LoadOptions: Not Found
0:135  0:001  EFI\CLOVER\config.plist loaded: Success
0:139  0:004  === [ GetListOfThemes ] ===================================
0:140  0:000  - [00]: embedded
0:140  0:000  === [ Found config plists ] ===============================
0:140  0:000  - config.plist
0:140  0:000  === [ GetEarlyUserSettings ] ==============================
0:140  0:000  timeout set to 5
0:140  0:000  Custom boot CUSTOM_BOOT_DISABLED (0x0)
0:140  0:000  KextsToPatch: 11 requested
0:140  0:000   - [00]: com.apple.driver.AppleAHCIPort (External icons patch) :: MatchOS: 10.11.x,10.12.x,10.13.x,10.14.x,10.15.x :: BinPatch :: data len: 8
0:140  0:000   - [01]: com.apple.driver.AppleGraphicsDevicePolicy (Prevent AGDP from loading) :: MatchOS: 10.11.x,10.12.x,10.13.x,10.14.x,10.15.x :: BinPatch :: data len: 5
0:140  0:000   - [02]: com.apple.driver.usb.AppleUSBXHCIPCI (USB port limit patch) :: MatchOS: 10.11.x :: BinPatch :: data len: 7
0:140  0:000   - [03]: com.apple.driver.usb.AppleUSBXHCIPCI (USB port limit patch) :: MatchOS: 10.12.x :: BinPatch :: data len: 7
0:140  0:000   - [04]: com.apple.driver.usb.AppleUSBXHCI (USB port limit patch by PMHeart) :: MatchOS: 10.13.x :: BinPatch :: data len: 10
0:140  0:000   - [05]: com.apple.iokit.IOUSBHostFamily (USB port limit patch #1 10.14.x modify by DalianSky(credit ydeng)) :: MatchOS: 10.14.x :: BinPatch :: data len: 4
0:140  0:000   - [06]: com.apple.iokit.IOUSBHostFamily (USB port limit patch #2 10.14.x modify by DalianSky(credit PMHeart)) :: MatchOS: 10.14.x :: BinPatch :: data len: 4
0:140  0:000   - [07]: com.apple.driver.usb.AppleUSBXHCI (USB Port limit patch #3 10.14.x modify by DalianSky(credits PMheart)) :: MatchOS: 10.14.x :: BinPatch :: data len: 4
0:140  0:000   - [08]: com.apple.driver.usb.AppleUSBXHCI (USB Port limit patch #4 10.14.x modify by DalianSky(credits PMheart)) :: MatchOS: 10.14.x :: BinPatch :: data len: 4
0:140  0:000   - [09]: com.apple.iokit.IOUSBHostFamily (USB Port limit patch #1(credits PMheart)) :: MatchOS: 10.15.x :: BinPatch :: data len: 4
0:140  0:000   - [10]: com.apple.driver.usb.AppleUSBXHCI (USB Port limit patch #2(credits PMheart)) :: MatchOS: 10.15.x :: BinPatch :: data len: 4
0:140  0:000  Default theme: embedded
0:141  0:000  Hiding entries with string Preboot
0:141  0:000  Hiding entries with string Legacy HD1
0:141  0:000  Hiding entries with string Legacy HD2
0:141  0:000  Hiding entries with string Recovery
0:141  0:000  Hiding entries with string macOs - Data
0:141  0:000  === [ LoadDrivers ] =======================================
0:141  0:000  Loading ApfsDriverLoader.efi  status=Success
0:144  0:002   - driver needs connecting
0:144  0:000  Loading AptioMemoryFix.efi  status=Success
0:147  0:003  Loading AudioDxe.efi  status=Success
0:150  0:002   - driver needs connecting
0:150  0:000  Loading DataHubDxe.efi  status=Success
0:154  0:003  Loading EmuVariableUefi.efi  status=Success
0:157  0:003  EmuVariableUefi Initialize: VariableCommonInitialize = Success, orig services stored, install gEmuVariableControlProtocolGuid = Success
0:157  0:000  Loading FSInject.efi  status=Success
0:161  0:003  Loading HFSPlus.efi  status=Success
0:164  0:002   - driver needs connecting
0:164  0:000  Loading SMCHelper.efi  status=Success
0:166  0:002  3 drivers needs connecting ...
0:166  0:000  PlatformDriverOverrideProtocol->GetDriver overriden
0:166  0:000  HFS+ driver loaded
0:166  0:000  APFS driver loaded
0:166  0:000  Searching for invalid DiskIo BY_DRIVER connects: not found, all ok
4:063  3:896  EmuVariable InstallEmulation: orig vars copied, emu.var.services installed, CreateEvent VirtualAddressChange = Success, CreateEvent ExitBootServices = Success, set Status=Success
4:091  0:028  === [ InitScreen ] ========================================
4:091  0:000  Console modes reported: 4, available modes:
4:091  0:000   - [01]: 80x25 (current mode)
4:091  0:000   - [02]: 80x50
4:091  0:000   - [03]: 100x31
4:091  0:000   - [04]: 240x56
4:091  0:000  SetScreenResolution: 1920x1080 - already set
4:091  0:000  reinit: self device path=PciRoot(0x0)\Pci(0x17,0x0)\Sata(0x400,0x8000,0x0)\HD(1,GPT,5AF321E7-78E8-46AE-8E33-6E4481D9C328,0x800,0xA8800)
4:092  0:000  Using embedded font: Success
4:093  0:000  === [ GetMacAddress ] =====================================
4:093  0:000  === [ ScanSPD ] ===========================================
4:093  0:000  Scanning SMBus [8086:9DA3], mmio: 0xB11AA004, ioport: 0xEFA0, hostc: 0x11
4:111  0:018  Slot: 2 Type 26 8192MB 2400MHz Vendor=Crucial Technology PartNo=CT8G4SFS824A.C8FN SerialNo=0E04050400070701
4:112  0:000  === [ GetAcpiTablesList ] =================================
4:121  0:009  Get Acpi Tables List from RSDT:
4:121  0:000   - [00]: FACP  Notebook len=132
4:121  0:000   - [01]: APIC  Notebook len=188
4:122  0:000   - [02]: FPDT  Notebook len=68
4:122  0:000   - [03]: FIDT  Notebook len=156
4:122  0:000   - [04]: MCFG  Notebook len=60
4:122  0:000   - [05]: ECDT  Notebook len=193
4:122  0:000   - [06]: SSDT  DptfTabl len=21526
4:122  0:000   - [07]: SSDT  CpuSsdt len=6940
4:122  0:000   - [08]: MSDM  Notebook len=85
4:122  0:000   - [09]: SSDT  SaSsdt  len=12742
4:122  0:000   - [10]: HPET  Notebook len=56
4:122  0:000   - [11]: SSDT  xh_whld4 len=12359
4:122  0:000   - [12]: UEFI  Notebook len=66
4:122  0:000   - [13]: LPIT  Notebook len=148
4:122  0:000   - [14]: SSDT  TbtTypeC len=5346
4:122  0:000   - [15]: DBGP  Notebook len=52
4:122  0:000   - [16]: DBG2  Notebook len=84
4:122  0:000   - [17]: DMAR  EDK2     len=168
4:122  0:000   - [18]: SSDT  ADebTabl len=324
4:122  0:000   - [19]: BGRT  Notebook len=56
4:122  0:000   - [20]: UEFI  RstSataE len=1594
4:122  0:000   - [21]: UEFI  RstSataV len=92
4:122  0:000   - [22]: TPM2  Notebook len=52
4:122  0:000   - [23]: WSMT  Notebook len=40
4:122  0:000  Calibrated TSC Frequency = 1801150400 = 1801MHz
4:122  0:000  === [ GetUserSettings ] ===================================
4:122  0:000  Add 1 devices:
4:122  0:000  USB FixOwnership: yes
4:122  0:000  Dropping 1 tables:
4:122  0:000   - [00]: Drop table  signature="DMAR" (52414D44)
4:122  0:000           - set table: 52414D44,                0 to drop: yes
4:122  0:000   - final DSDT Fix mask=51060054
4:122  0:000  PatchesDSDT: 13 requested
4:122  0:000   - [00]: (EHC1 to EH01) lenToFind: 4, lenToReplace: 4, Target Bridge: <null string>
4:122  0:000   - [01]: (EHC2 to EH02) lenToFind: 4, lenToReplace: 4, Target Bridge: <null string>
4:122  0:000   - [02]: (EUSB to EH01) lenToFind: 4, lenToReplace: 4, Target Bridge: <null string>
4:122  0:000   - [03]: (USBE to EH02) lenToFind: 4, lenToReplace: 4, Target Bridge: <null string>
4:122  0:000   - [04]: (HDAS to HDEF) lenToFind: 4, lenToReplace: 4, Target Bridge: <null string>
4:122  0:000   - [05]: (HECI to IMEI) lenToFind: 4, lenToReplace: 4, Target Bridge: <null string>
4:122  0:000   - [06]: (SAT0 to SATA) lenToFind: 4, lenToReplace: 4, Target Bridge: <null string>
4:122  0:000   - [07]: (Fix bug boot) lenToFind: 8, lenToReplace: 8, Target Bridge: <null string>
4:122  0:000   - [08]: (CUU0) lenToFind: 14, lenToReplace: 14, Target Bridge: <null string>
4:122  0:000   - [09]: (CUU1) lenToFind: 14, lenToReplace: 14, Target Bridge: <null string>
4:122  0:000   - [10]: (CUU2) lenToFind: 14, lenToReplace: 14, Target Bridge: <null string>
4:122  0:000   - [11]: (CUU3) lenToFind: 14, lenToReplace: 14, Target Bridge: <null string>
4:122  0:000   - [12]: (PNP0C09 to PNPFFFF) lenToFind: 4, lenToReplace: 4, Target Bridge: <null string>
4:122  0:000  smartUPS: present
4:122  0:000  Using ProductName from config: MacBookPro15,2
4:122  0:000  Using latest BiosVersion from config
4:122  0:000  BiosVersion: MBP152.88Z.F000.B00.2007121439
4:122  0:000  BiosReleaseDate: 07/12/2020
4:122  0:000  Using latest EfiVersion from config: 1539.0.0.0.1
4:122  0:000  Using FirmwareFeatures from config: 0xFC0FE137
4:122  0:000  Using FirmwareFeaturesMask from config: 0xFF1FFF3F
4:122  0:000  Board-ID set from config as Mac-827FB448E656EC26
4:122  0:000  BoardType: 0xA
4:122  0:000  ChassisType: 0x9
4:147  0:025  === [ Found DSDT tables ] =================================
4:258  0:110  === [ ScanVolumes ] =======================================
4:258  0:000  Found 12 volumes with blockIO
4:258  0:000  - [00]: Volume: PciRoot(0x0)\Pci(0x17,0x0)\Sata(0x1,0x8000,0x0)
4:258  0:000  - [01]: Volume: PciRoot(0x0)\Pci(0x17,0x0)\Sata(0x400,0x8000,0x0)
4:258  0:000  - [02]: Volume: PciRoot(0x0)\Pci(0x17,0x0)\Sata(0x1,0x8000,0x0)\HD(1,GPT,83811A70-6245-01D6-388D-C0C12231EB00,0x800,0x3BD08000)
4:259  0:000          Result of bootcode detection: bootable Windows (win)
4:259  0:000          hiding this volume
4:259  0:000  - [03]: Volume: PciRoot(0x0)\Pci(0x17,0x0)\Sata(0x1,0x8000,0x0)\HD(2,GPT,00000D11-8280-857F-45EA-D63B221A0000,0x3BD08800,0x389FE000)
4:260  0:000          Result of bootcode detection: bootable Windows (win)
4:260  0:000          hiding this volume
4:260  0:000  - [04]: Volume: PciRoot(0x0)\Pci(0x17,0x0)\Sata(0x400,0x8000,0x0)\HD(1,GPT,5AF321E7-78E8-46AE-8E33-6E4481D9C328,0x800,0xA8800)
4:260  0:000          Result of bootcode detection: bootable Windows (vista,win)
4:261  0:000          This is SelfVolume !!
4:261  0:000  - [05]: Volume: PciRoot(0x0)\Pci(0x17,0x0)\Sata(0x400,0x8000,0x0)\HD(2,GPT,17074874-F0D6-4E3E-A95C-295759D6037E,0xA9000,0x12C00000)
4:261  0:000          Result of bootcode detection: bootable Windows (vista,win)
4:261  0:000          hiding this volume
4:261  0:000  - [06]: Volume: PciRoot(0x0)\Pci(0x17,0x0)\Sata(0x400,0x8000,0x0)\HD(3,GPT,24ECD648-F6DD-4F56-899A-D1392E5E9DB2,0x12CA9000,0x276DD008)
4:261  0:000          Result of bootcode detection: bootable unknown (legacy)
4:261  0:000  - [07]: Volume: PciRoot(0x0)\Pci(0x17,0x0)\Sata(0x400,0x8000,0x0)\HD(3,GPT,24ECD648-F6DD-4F56-899A-D1392E5E9DB2,0x12CA9000,0x276DD008)\VenMedia(BE74FCF7-0B7C-49F3-9147-01F4042E6842,B1903DF72F82684184994137E20D0F91)
4:261  0:000          hiding this volume
4:261  0:000  - [08]: Volume: PciRoot(0x0)\Pci(0x17,0x0)\Sata(0x400,0x8000,0x0)\HD(3,GPT,24ECD648-F6DD-4F56-899A-D1392E5E9DB2,0x12CA9000,0x276DD008)\VenMedia(BE74FCF7-0B7C-49F3-9147-01F4042E6842,8B4E1D4BAE92B54A98CF2292081B4868)
4:261  0:000          hiding this volume
4:261  0:000  - [09]: Volume: PciRoot(0x0)\Pci(0x17,0x0)\Sata(0x400,0x8000,0x0)\HD(3,GPT,24ECD648-F6DD-4F56-899A-D1392E5E9DB2,0x12CA9000,0x276DD008)\VenMedia(BE74FCF7-0B7C-49F3-9147-01F4042E6842,050D681B9319CE419C6B94B24918D07C)
4:261  0:000          hiding this volume
4:261  0:000  - [10]: Volume: PciRoot(0x0)\Pci(0x17,0x0)\Sata(0x400,0x8000,0x0)\HD(3,GPT,24ECD648-F6DD-4F56-899A-D1392E5E9DB2,0x12CA9000,0x276DD008)\VenMedia(BE74FCF7-0B7C-49F3-9147-01F4042E6842,831E8B25D321F34C9463986721548A8C)
4:261  0:000  - [11]: Volume: PciRoot(0x0)\Pci(0x17,0x0)\Sata(0x400,0x8000,0x0)\HD(3,GPT,24ECD648-F6DD-4F56-899A-D1392E5E9DB2,0x12CA9000,0x276DD008)\VenMedia(BE74FCF7-0B7C-49F3-9147-01F4042E6842,F2BF60B268BB13418D9E261773251AF0)
4:262  0:000  PutNvramPlistToRtVars: nvram.plist not found
4:262  0:000  found 2 handles with audio
4:262  0:000  No AudioIoDevice stored
4:262  0:000  no stored audio parameters
4:262  0:000  === [ InitTheme ] =========================================
4:262  0:000  use daylight theme
4:262  0:000   using embedded theme
4:262  0:000  got embedded sound
4:262  0:000    Channels: 2  Sample rate: 8000 Hz  Bits: 16
4:262  0:000  output to channel 0 with volume 70, len=25600
4:262  0:000   sound channels=2 bits=16 freq=8000
4:262  0:000  sound converted to 48kHz
4:262  0:000  not found AudioIo to play
4:262  0:000  sound play end with status=Not Found
4:262  0:000  Using embedded font: Success
4:262  0:000  theme inited
4:262  0:000  Chosen embedded theme
4:262  0:000  after NVRAM boot-args=npci=0x2000 dart=0 nv_disable=1 -wegnoegpu -cdfon -no_compat_check alcid=66 -v
4:263  0:000  === [ Dump SMC keys from NVRAM ] ==========================
4:263  0:000  found AppleSMC protocol
4:263  0:000  Registered 16 SMC keys
4:263  0:000  === [ ScanLoader ] ========================================
4:263  0:000  - [04]: 'EFI'
4:263  0:000          AddLoaderEntry for Volume Name=EFI
4:263  0:000          AddLoaderEntry for Volume Name=EFI
4:263  0:000       skipped because path `PciRoot(0x0)\Pci(0x17,0x0)\Sata(0x400,0x8000,0x0)\HD(1,GPT,5AF321E7-78E8-46AE-8E33-6E4481D9C328,0x800,0xA8800)\EFI\microsoft\Boot\bootmgfw.efii` is self path!
4:264  0:000          AddLoaderEntry for Volume Name=EFI
4:264  0:000          skipped because entry is hidden
4:264  0:000  - [07]: 'Preboot', hidden
4:264  0:000  - [08]: 'macOs - Data', hidden
4:264  0:000  - [09]: 'Recovery', hidden
4:264  0:000  - [10]: 'VM'
4:264  0:000  - [11]: 'macOs'
4:269  0:005          AddLoaderEntry for Volume Name=macOs
4:271  0:001      Check if volume Is Hibernated:
4:271  0:000      Check sleep image 'by signature':
4:271  0:000      using default sleep image name = \private\var\vm\sleepimage
4:271  0:000      sleepimage not found -> Not Found
4:271  0:000      hibernated: no - sign
4:318  0:046          AddLoaderEntry for Volume Name=macOs
4:318  0:000          skipped because entry is hidden
4:318  0:000  Scanning legacy ...
4:318  0:000   2: 'Legacy HD1' (win) hidden
4:318  0:000   3: 'Legacy HD2' (win) hidden
4:318  0:000   4: 'EFI' (vista,win) add legacy
4:318  0:000   added 'Boot Windows from EFI' OSType=2 Icon=vista,win
4:318  0:000   5: 'Legacy HD2' (vista,win) hidden
4:318  0:000  === [ AddCustomTool ] =====================================
4:318  0:000  found tool \EFI\CLOVER\tools\Shell64U.efi
4:318  0:000  Checking EFI partition Volume 4 for Clover
4:318  0:000   Found Clover
4:319  0:000  EmuVariable UninstallEmulation: CloseEvent = Success, original var services restored
4:320  0:001  EmuVariable InstallEmulation: orig vars copied, emu.var.services installed, CreateEvent VirtualAddressChange = Success, CreateEvent ExitBootServices = Success, set Status=Success
4:349  0:029  === [ GetEfiBootDeviceFromNvram ] =========================
4:349  0:000   - found entry 1. 'Boot macOS from macOs', Volume 'macOs', DevicePath 'PciRoot(0x0)\Pci(0x17,0x0)\Sata(0x400,0x8000,0x0)\HD(3,GPT,24ECD648-F6DD-4F56-899A-D1392E5E9DB2,0x12CA9000,0x276DD008)\VenMedia(BE74FCF7-0B7C-49F3-9147-01F4042E6842,F2BF60B268BB13418D9E261773251AF0)\System\Library\CoreServices\boot.efii'
4:349  0:000  EmuVariable UninstallEmulation: CloseEvent = Success, original var services restored
4:349  0:000  DefaultIndex=1 and MainMenu.EntryCount=9
4:896  0:546  can't bear mouse at all! Status=Unsupported
4:897  0:001  can't bear mouse at timeout! Status=Unsupported
4:897  0:000  GUI ready
5:900  1:002  can't bear mouse at timeout! Status=Unsupported
6:903  1:002  can't bear mouse at timeout! Status=Unsupported
7:905  1:002  can't bear mouse at timeout! Status=Unsupported
8:908  1:002  can't bear mouse at timeout! Status=Unsupported
9:784  0:876  can't bear mouse at timeout! Status=Unsupported
